<?xml version="1.0" encoding="UTF-8"?>
<coverage generated="1673888968488" clover="3.2.0">
  <project timestamp="1673888968488" name="All files">
    <metrics statements="51" coveredstatements="51" conditionals="14" coveredconditionals="13" methods="14" coveredmethods="14" elements="79" coveredelements="78" complexity="0" loc="51" ncloc="51" packages="1" files="5" classes="5"/>
    <file name="caesarCipher.js" path="/home/stephen/Desktop/Odin Projects/Testing-Practice/scripts/caesarCipher.js">
      <metrics statements="38" coveredstatements="38" conditionals="14" coveredconditionals="13" methods="7" coveredmethods="7"/>
      <line num="2" count="4" type="stmt"/>
      <line num="3" count="4" type="stmt"/>
      <line num="4" count="4" type="stmt"/>
      <line num="6" count="4" type="stmt"/>
      <line num="7" count="13" type="cond" truecount="2" falsecount="0"/>
      <line num="8" count="1" type="stmt"/>
      <line num="9" count="12" type="cond" truecount="2" falsecount="0"/>
      <line num="11" count="4" type="cond" truecount="2" falsecount="0"/>
      <line num="12" count="1" type="stmt"/>
      <line num="13" count="1" type="stmt"/>
      <line num="15" count="1" type="stmt"/>
      <line num="16" count="26" type="stmt"/>
      <line num="18" count="1" type="stmt"/>
      <line num="19" count="3" type="cond" truecount="2" falsecount="0"/>
      <line num="20" count="1" type="stmt"/>
      <line num="21" count="1" type="stmt"/>
      <line num="23" count="1" type="stmt"/>
      <line num="24" count="26" type="stmt"/>
      <line num="26" count="1" type="stmt"/>
      <line num="28" count="2" type="stmt"/>
      <line num="29" count="2" type="stmt"/>
      <line num="31" count="8" type="cond" truecount="1" falsecount="1"/>
      <line num="33" count="8" type="cond" truecount="2" falsecount="0"/>
      <line num="34" count="1" type="stmt"/>
      <line num="35" count="1" type="stmt"/>
      <line num="36" count="1" type="stmt"/>
      <line num="37" count="26" type="stmt"/>
      <line num="39" count="1" type="stmt"/>
      <line num="40" count="7" type="cond" truecount="2" falsecount="0"/>
      <line num="41" count="1" type="stmt"/>
      <line num="42" count="1" type="stmt"/>
      <line num="44" count="1" type="stmt"/>
      <line num="45" count="26" type="stmt"/>
      <line num="47" count="1" type="stmt"/>
      <line num="49" count="19" type="stmt"/>
      <line num="50" count="6" type="stmt"/>
      <line num="55" count="4" type="stmt"/>
      <line num="58" count="1" type="stmt"/>
    </file>
    <file name="calculator.js" path="/home/stephen/Desktop/Odin Projects/Testing-Practice/scripts/calculator.js">
      <metrics statements="5" coveredstatements="5" conditionals="0" coveredconditionals="0" methods="4" coveredmethods="4"/>
      <line num="1" count="1" type="stmt"/>
      <line num="3" count="1" type="stmt"/>
      <line num="7" count="1" type="stmt"/>
      <line num="11" count="1" type="stmt"/>
      <line num="15" count="1" type="stmt"/>
    </file>
    <file name="capitalize.js" path="/home/stephen/Desktop/Odin Projects/Testing-Practice/scripts/capitalize.js">
      <metrics statements="3" coveredstatements="3" conditionals="0" coveredconditionals="0" methods="1" coveredmethods="1"/>
      <line num="2" count="2" type="stmt"/>
      <line num="3" count="2" type="stmt"/>
      <line num="5" count="1" type="stmt"/>
    </file>
    <file name="reverseString.js" path="/home/stephen/Desktop/Odin Projects/Testing-Practice/scripts/reverseString.js">
      <metrics statements="3" coveredstatements="3" conditionals="0" coveredconditionals="0" methods="1" coveredmethods="1"/>
      <line num="2" count="1" type="stmt"/>
      <line num="3" count="1" type="stmt"/>
      <line num="6" count="1" type="stmt"/>
    </file>
    <file name="sum.js" path="/home/stephen/Desktop/Odin Projects/Testing-Practice/scripts/sum.js">
      <metrics statements="2" coveredstatements="2" conditionals="0" coveredconditionals="0" methods="1" coveredmethods="1"/>
      <line num="2" count="1" type="stmt"/>
      <line num="4" count="1" type="stmt"/>
    </file>
  </project>
</coverage>
