<?xml version="1.0" encoding="UTF-8"?>
<coverage generated="1673381517309" clover="3.2.0">
  <project timestamp="1673381517310" name="All files">
    <metrics statements="35" coveredstatements="35" conditionals="10" coveredconditionals="9" methods="12" coveredmethods="12" elements="57" coveredelements="56" complexity="0" loc="35" ncloc="35" packages="1" files="5" classes="5"/>
    <file name="caesarCipher.js" path="/home/stephen/Desktop/Odin Projects/Testing-Practice/scripts/caesarCipher.js">
      <metrics statements="22" coveredstatements="22" conditionals="10" coveredconditionals="9" methods="5" coveredmethods="5"/>
      <line num="2" count="4" type="stmt"/>
      <line num="3" count="4" type="stmt"/>
      <line num="4" count="4" type="stmt"/>
      <line num="6" count="4" type="stmt"/>
      <line num="7" count="13" type="cond" truecount="2" falsecount="0"/>
      <line num="8" count="1" type="stmt"/>
      <line num="9" count="12" type="cond" truecount="2" falsecount="0"/>
      <line num="10" count="4" type="cond" truecount="2" falsecount="0"/>
      <line num="11" count="1" type="stmt"/>
      <line num="12" count="26" type="stmt"/>
      <line num="14" count="1" type="stmt"/>
      <line num="16" count="15" type="stmt"/>
      <line num="17" count="3" type="stmt"/>
      <line num="19" count="8" type="cond" truecount="1" falsecount="1"/>
      <line num="20" count="8" type="cond" truecount="2" falsecount="0"/>
      <line num="21" count="1" type="stmt"/>
      <line num="22" count="26" type="stmt"/>
      <line num="24" count="1" type="stmt"/>
      <line num="26" count="87" type="stmt"/>
      <line num="27" count="7" type="stmt"/>
      <line num="32" count="4" type="stmt"/>
      <line num="35" count="1" type="stmt"/>
    </file>
    <file name="calculator.js" path="/home/stephen/Desktop/Odin Projects/Testing-Practice/scripts/calculator.js">
      <metrics statements="5" coveredstatements="5" conditionals="0" coveredconditionals="0" methods="4" coveredmethods="4"/>
      <line num="1" count="1" type="stmt"/>
      <line num="3" count="1" type="stmt"/>
      <line num="7" count="1" type="stmt"/>
      <line num="11" count="1" type="stmt"/>
      <line num="15" count="1" type="stmt"/>
    </file>
    <file name="capitalize.js" path="/home/stephen/Desktop/Odin Projects/Testing-Practice/scripts/capitalize.js">
      <metrics statements="3" coveredstatements="3" conditionals="0" coveredconditionals="0" methods="1" coveredmethods="1"/>
      <line num="2" count="2" type="stmt"/>
      <line num="3" count="2" type="stmt"/>
      <line num="5" count="1" type="stmt"/>
    </file>
    <file name="reverseString.js" path="/home/stephen/Desktop/Odin Projects/Testing-Practice/scripts/reverseString.js">
      <metrics statements="3" coveredstatements="3" conditionals="0" coveredconditionals="0" methods="1" coveredmethods="1"/>
      <line num="2" count="1" type="stmt"/>
      <line num="3" count="1" type="stmt"/>
      <line num="6" count="1" type="stmt"/>
    </file>
    <file name="sum.js" path="/home/stephen/Desktop/Odin Projects/Testing-Practice/scripts/sum.js">
      <metrics statements="2" coveredstatements="2" conditionals="0" coveredconditionals="0" methods="1" coveredmethods="1"/>
      <line num="2" count="1" type="stmt"/>
      <line num="4" count="1" type="stmt"/>
    </file>
  </project>
</coverage>
