{"/home/stephen/Desktop/Odin Projects/Testing-Practice/scripts/caesarCipher.js": {"path":"/home/stephen/Desktop/Odin Projects/Testing-Practice/scripts/caesarCipher.js","statementMap":{"0":{"start":{"line":2,"column":17},"end":{"line":2,"column":19}},"1":{"start":{"line":3,"column":20},"end":{"line":3,"column":58}},"2":{"start":{"line":4,"column":20},"end":{"line":4,"column":58}},"3":{"start":{"line":6,"column":2},"end":{"line":30,"column":3}},"4":{"start":{"line":6,"column":15},"end":{"line":6,"column":16}},"5":{"start":{"line":7,"column":4},"end":{"line":29,"column":5}},"6":{"start":{"line":8,"column":6},"end":{"line":8,"column":28}},"7":{"start":{"line":9,"column":11},"end":{"line":29,"column":5}},"8":{"start":{"line":10,"column":6},"end":{"line":18,"column":7}},"9":{"start":{"line":11,"column":20},"end":{"line":13,"column":9}},"10":{"start":{"line":12,"column":20},"end":{"line":12,"column":51}},"11":{"start":{"line":14,"column":8},"end":{"line":14,"column":43}},"12":{"start":{"line":16,"column":20},"end":{"line":16,"column":68}},"13":{"start":{"line":16,"column":50},"end":{"line":16,"column":67}},"14":{"start":{"line":17,"column":8},"end":{"line":17,"column":43}},"15":{"start":{"line":19,"column":11},"end":{"line":29,"column":5}},"16":{"start":{"line":20,"column":6},"end":{"line":28,"column":7}},"17":{"start":{"line":21,"column":20},"end":{"line":23,"column":9}},"18":{"start":{"line":22,"column":20},"end":{"line":22,"column":51}},"19":{"start":{"line":24,"column":8},"end":{"line":24,"column":43}},"20":{"start":{"line":26,"column":20},"end":{"line":26,"column":68}},"21":{"start":{"line":26,"column":50},"end":{"line":26,"column":67}},"22":{"start":{"line":27,"column":8},"end":{"line":27,"column":43}},"23":{"start":{"line":32,"column":2},"end":{"line":32,"column":18}},"24":{"start":{"line":35,"column":0},"end":{"line":35,"column":30}}},"fnMap":{"0":{"name":"caesarCipher","decl":{"start":{"line":1,"column":9},"end":{"line":1,"column":21}},"loc":{"start":{"line":1,"column":35},"end":{"line":33,"column":1}},"line":1},"1":{"name":"(anonymous_1)","decl":{"start":{"line":12,"column":10},"end":{"line":12,"column":11}},"loc":{"start":{"line":12,"column":20},"end":{"line":12,"column":51}},"line":12},"2":{"name":"(anonymous_2)","decl":{"start":{"line":16,"column":40},"end":{"line":16,"column":41}},"loc":{"start":{"line":16,"column":50},"end":{"line":16,"column":67}},"line":16},"3":{"name":"(anonymous_3)","decl":{"start":{"line":22,"column":10},"end":{"line":22,"column":11}},"loc":{"start":{"line":22,"column":20},"end":{"line":22,"column":51}},"line":22},"4":{"name":"(anonymous_4)","decl":{"start":{"line":26,"column":40},"end":{"line":26,"column":41}},"loc":{"start":{"line":26,"column":50},"end":{"line":26,"column":67}},"line":26}},"branchMap":{"0":{"loc":{"start":{"line":7,"column":4},"end":{"line":29,"column":5}},"type":"if","locations":[{"start":{"line":7,"column":4},"end":{"line":29,"column":5}},{"start":{"line":9,"column":11},"end":{"line":29,"column":5}}],"line":7},"1":{"loc":{"start":{"line":9,"column":11},"end":{"line":29,"column":5}},"type":"if","locations":[{"start":{"line":9,"column":11},"end":{"line":29,"column":5}},{"start":{"line":19,"column":11},"end":{"line":29,"column":5}}],"line":9},"2":{"loc":{"start":{"line":10,"column":6},"end":{"line":18,"column":7}},"type":"if","locations":[{"start":{"line":10,"column":6},"end":{"line":18,"column":7}},{"start":{"line":15,"column":13},"end":{"line":18,"column":7}}],"line":10},"3":{"loc":{"start":{"line":19,"column":11},"end":{"line":29,"column":5}},"type":"if","locations":[{"start":{"line":19,"column":11},"end":{"line":29,"column":5}},{"start":{},"end":{}}],"line":19},"4":{"loc":{"start":{"line":20,"column":6},"end":{"line":28,"column":7}},"type":"if","locations":[{"start":{"line":20,"column":6},"end":{"line":28,"column":7}},{"start":{"line":25,"column":13},"end":{"line":28,"column":7}}],"line":20}},"s":{"0":4,"1":4,"2":4,"3":4,"4":4,"5":13,"6":1,"7":12,"8":4,"9":1,"10":26,"11":1,"12":3,"13":15,"14":3,"15":8,"16":8,"17":1,"18":26,"19":1,"20":7,"21":87,"22":7,"23":4,"24":1},"f":{"0":4,"1":26,"2":15,"3":26,"4":87},"b":{"0":[1,12],"1":[4,8],"2":[1,3],"3":[8,0],"4":[1,7]},"_coverageSchema":"1a1c01bbd47fc00a2c39e90264f33305004495a9","hash":"d669e66fdd21c9accfcc75fcfb89fb78f6be2b95"}
,"/home/stephen/Desktop/Odin Projects/Testing-Practice/scripts/calculator.js": {"path":"/home/stephen/Desktop/Odin Projects/Testing-Practice/scripts/calculator.js","statementMap":{"0":{"start":{"line":1,"column":0},"end":{"line":17,"column":2}},"1":{"start":{"line":3,"column":4},"end":{"line":3,"column":17}},"2":{"start":{"line":7,"column":4},"end":{"line":7,"column":17}},"3":{"start":{"line":11,"column":4},"end":{"line":11,"column":17}},"4":{"start":{"line":15,"column":4},"end":{"line":15,"column":17}}},"fnMap":{"0":{"name":"(anonymous_0)","decl":{"start":{"line":2,"column":2},"end":{"line":2,"column":3}},"loc":{"start":{"line":2,"column":12},"end":{"line":4,"column":3}},"line":2},"1":{"name":"(anonymous_1)","decl":{"start":{"line":6,"column":2},"end":{"line":6,"column":3}},"loc":{"start":{"line":6,"column":17},"end":{"line":8,"column":3}},"line":6},"2":{"name":"(anonymous_2)","decl":{"start":{"line":10,"column":2},"end":{"line":10,"column":3}},"loc":{"start":{"line":10,"column":17},"end":{"line":12,"column":3}},"line":10},"3":{"name":"(anonymous_3)","decl":{"start":{"line":14,"column":2},"end":{"line":14,"column":3}},"loc":{"start":{"line":14,"column":15},"end":{"line":16,"column":3}},"line":14}},"branchMap":{},"s":{"0":1,"1":1,"2":1,"3":1,"4":1},"f":{"0":1,"1":1,"2":1,"3":1},"b":{},"_coverageSchema":"1a1c01bbd47fc00a2c39e90264f33305004495a9","hash":"c8f168afa683e1183ec50c6a798215d9d91ddad1"}
,"/home/stephen/Desktop/Odin Projects/Testing-Practice/scripts/capitalize.js": {"path":"/home/stephen/Desktop/Odin Projects/Testing-Practice/scripts/capitalize.js","statementMap":{"0":{"start":{"line":2,"column":20},"end":{"line":2,"column":33}},"1":{"start":{"line":3,"column":2},"end":{"line":3,"column":57}},"2":{"start":{"line":5,"column":0},"end":{"line":5,"column":28}}},"fnMap":{"0":{"name":"capitalize","decl":{"start":{"line":1,"column":9},"end":{"line":1,"column":19}},"loc":{"start":{"line":1,"column":28},"end":{"line":4,"column":1}},"line":1}},"branchMap":{},"s":{"0":2,"1":2,"2":1},"f":{"0":2},"b":{},"_coverageSchema":"1a1c01bbd47fc00a2c39e90264f33305004495a9","hash":"775b4d6ebc96edbdaf6488b8679c7e6ee0c39f19"}
,"/home/stephen/Desktop/Odin Projects/Testing-Practice/scripts/reverseString.js": {"path":"/home/stephen/Desktop/Odin Projects/Testing-Practice/scripts/reverseString.js","statementMap":{"0":{"start":{"line":2,"column":20},"end":{"line":2,"column":26}},"1":{"start":{"line":3,"column":2},"end":{"line":3,"column":48}},"2":{"start":{"line":6,"column":0},"end":{"line":6,"column":25}}},"fnMap":{"0":{"name":"reverse","decl":{"start":{"line":1,"column":9},"end":{"line":1,"column":16}},"loc":{"start":{"line":1,"column":25},"end":{"line":4,"column":1}},"line":1}},"branchMap":{},"s":{"0":1,"1":1,"2":1},"f":{"0":1},"b":{},"_coverageSchema":"1a1c01bbd47fc00a2c39e90264f33305004495a9","hash":"3f40cedad2f3f6cbe126e6e8c0ba3302ca3b936a"}
,"/home/stephen/Desktop/Odin Projects/Testing-Practice/scripts/sum.js": {"path":"/home/stephen/Desktop/Odin Projects/Testing-Practice/scripts/sum.js","statementMap":{"0":{"start":{"line":2,"column":2},"end":{"line":2,"column":15}},"1":{"start":{"line":4,"column":0},"end":{"line":4,"column":21}}},"fnMap":{"0":{"name":"sum","decl":{"start":{"line":1,"column":9},"end":{"line":1,"column":12}},"loc":{"start":{"line":1,"column":19},"end":{"line":3,"column":1}},"line":1}},"branchMap":{},"s":{"0":1,"1":1},"f":{"0":1},"b":{},"_coverageSchema":"1a1c01bbd47fc00a2c39e90264f33305004495a9","hash":"4136894c77be8419af0b38765001a17d49cb1f7a"}
}
