TN:
SF:scripts/caesarCipher.js
FN:1,caesarCipher
FN:16,(anonymous_1)
FN:24,(anonymous_2)
FN:28,(anonymous_3)
FN:37,(anonymous_4)
FN:45,(anonymous_5)
FN:49,(anonymous_6)
FNF:7
FNH:7
FNDA:4,caesarCipher
FNDA:26,(anonymous_1)
FNDA:26,(anonymous_2)
FNDA:2,(anonymous_3)
FNDA:26,(anonymous_4)
FNDA:26,(anonymous_5)
FNDA:19,(anonymous_6)
DA:2,4
DA:3,4
DA:4,4
DA:6,4
DA:7,13
DA:8,1
DA:9,12
DA:11,4
DA:12,1
DA:13,1
DA:15,1
DA:16,26
DA:18,1
DA:19,3
DA:20,1
DA:21,1
DA:23,1
DA:24,26
DA:26,1
DA:28,2
DA:29,2
DA:31,8
DA:33,8
DA:34,1
DA:35,1
DA:36,1
DA:37,26
DA:39,1
DA:40,7
DA:41,1
DA:42,1
DA:44,1
DA:45,26
DA:47,1
DA:49,19
DA:50,6
DA:55,4
DA:58,1
LF:38
LH:38
BRDA:7,0,0,1
BRDA:7,0,1,12
BRDA:9,1,0,4
BRDA:9,1,1,8
BRDA:11,2,0,1
BRDA:11,2,1,3
BRDA:19,3,0,1
BRDA:19,3,1,2
BRDA:31,4,0,8
BRDA:31,4,1,0
BRDA:33,5,0,1
BRDA:33,5,1,7
BRDA:40,6,0,1
BRDA:40,6,1,6
BRF:14
BRH:13
end_of_record
TN:
SF:scripts/calculator.js
FN:2,(anonymous_0)
FN:6,(anonymous_1)
FN:10,(anonymous_2)
FN:14,(anonymous_3)
FNF:4
FNH:4
FNDA:1,(anonymous_0)
FNDA:1,(anonymous_1)
FNDA:1,(anonymous_2)
FNDA:1,(anonymous_3)
DA:1,1
DA:3,1
DA:7,1
DA:11,1
DA:15,1
LF:5
LH:5
BRF:0
BRH:0
end_of_record
TN:
SF:scripts/capitalize.js
FN:1,capitalize
FNF:1
FNH:1
FNDA:2,capitalize
DA:2,2
DA:3,2
DA:5,1
LF:3
LH:3
BRF:0
BRH:0
end_of_record
TN:
SF:scripts/reverseString.js
FN:1,reverse
FNF:1
FNH:1
FNDA:1,reverse
DA:2,1
DA:3,1
DA:6,1
LF:3
LH:3
BRF:0
BRH:0
end_of_record
TN:
SF:scripts/sum.js
FN:1,sum
FNF:1
FNH:1
FNDA:1,sum
DA:2,1
DA:4,1
LF:2
LH:2
BRF:0
BRH:0
end_of_record
