TN:
SF:scripts/caesarCipher.js
FN:1,caesarCipher
FN:12,(anonymous_1)
FN:16,(anonymous_2)
FN:22,(anonymous_3)
FN:26,(anonymous_4)
FNF:5
FNH:5
FNDA:4,caesarCipher
FNDA:26,(anonymous_1)
FNDA:15,(anonymous_2)
FNDA:26,(anonymous_3)
FNDA:87,(anonymous_4)
DA:2,4
DA:3,4
DA:4,4
DA:6,4
DA:7,13
DA:8,1
DA:9,12
DA:10,4
DA:11,1
DA:12,26
DA:14,1
DA:16,15
DA:17,3
DA:19,8
DA:20,8
DA:21,1
DA:22,26
DA:24,1
DA:26,87
DA:27,7
DA:32,4
DA:35,1
LF:22
LH:22
BRDA:7,0,0,1
BRDA:7,0,1,12
BRDA:9,1,0,4
BRDA:9,1,1,8
BRDA:10,2,0,1
BRDA:10,2,1,3
BRDA:19,3,0,8
BRDA:19,3,1,0
BRDA:20,4,0,1
BRDA:20,4,1,7
BRF:10
BRH:9
end_of_record
TN:
SF:scripts/calculator.js
FN:2,(anonymous_0)
FN:6,(anonymous_1)
FN:10,(anonymous_2)
FN:14,(anonymous_3)
FNF:4
FNH:4
FNDA:1,(anonymous_0)
FNDA:1,(anonymous_1)
FNDA:1,(anonymous_2)
FNDA:1,(anonymous_3)
DA:1,1
DA:3,1
DA:7,1
DA:11,1
DA:15,1
LF:5
LH:5
BRF:0
BRH:0
end_of_record
TN:
SF:scripts/capitalize.js
FN:1,capitalize
FNF:1
FNH:1
FNDA:2,capitalize
DA:2,2
DA:3,2
DA:5,1
LF:3
LH:3
BRF:0
BRH:0
end_of_record
TN:
SF:scripts/reverseString.js
FN:1,reverse
FNF:1
FNH:1
FNDA:1,reverse
DA:2,1
DA:3,1
DA:6,1
LF:3
LH:3
BRF:0
BRH:0
end_of_record
TN:
SF:scripts/sum.js
FN:1,sum
FNF:1
FNH:1
FNDA:1,sum
DA:2,1
DA:4,1
LF:2
LH:2
BRF:0
BRH:0
end_of_record
